09:56:15:953 [ALWAYS]	GUDE Logging Started
09:56:15:953 [INFO]	SqliteResumeCache::SqliteResumeCache basedirectory is null/empty
09:56:15:953 [ERROR]	SqliteResumeCache::CreateSqliteResumeCache creating resume cache pointer failure
09:56:15:953 [ERROR]	Initialize resume cache pointer failure
09:56:15:953 [INFO]	gude policy POLICY_USER limit (2,2,1) chunk 2097152, chunking (UL 0 DL 1), resXfer 1, adapt 0, NSURL 0, timeout 86400 
09:56:15:953 [INFO]	Initialized -- gude-lib version: v0.12.1 app: gude
09:56:17:448 [WARN]	Ignoring attempt to reinit logging to \gude at level 4 retaining 3 days of logs
09:56:17:448 [INFO]	SqliteResumeCache::SqliteResumeCache basedirectory is null/empty
09:56:17:448 [ERROR]	SqliteResumeCache::CreateSqliteResumeCache creating resume cache pointer failure
09:56:17:448 [ERROR]	Initialize resume cache pointer failure
09:56:17:448 [INFO]	gude policy POLICY_USER limit (4,4,1) chunk 2097152, chunking (UL 0 DL 1), resXfer 1, adapt 0, NSURL 1, timeout 86400 
09:56:17:448 [INFO]	Initialized -- gude-lib version: v0.12.1 app: gude
10:10:56:473 [ALWAYS]	GUDE Logging Started
10:10:56:473 [INFO]	SqliteResumeCache::SqliteResumeCache basedirectory is null/empty
10:10:56:473 [ERROR]	SqliteResumeCache::CreateSqliteResumeCache creating resume cache pointer failure
10:10:56:473 [ERROR]	Initialize resume cache pointer failure
10:10:56:473 [INFO]	gude policy POLICY_USER limit (2,2,1) chunk 2097152, chunking (UL 0 DL 1), resXfer 1, adapt 0, NSURL 0, timeout 86400 
10:10:56:473 [INFO]	Initialized -- gude-lib version: v0.12.1 app: gude
10:10:57:478 [WARN]	Ignoring attempt to reinit logging to \gude at level 4 retaining 3 days of logs
10:10:57:478 [INFO]	SqliteResumeCache::SqliteResumeCache basedirectory is null/empty
10:10:57:478 [ERROR]	SqliteResumeCache::CreateSqliteResumeCache creating resume cache pointer failure
10:10:57:478 [ERROR]	Initialize resume cache pointer failure
10:10:57:478 [INFO]	gude policy POLICY_USER limit (4,4,1) chunk 2097152, chunking (UL 0 DL 1), resXfer 1, adapt 0, NSURL 1, timeout 86400 
10:10:57:478 [INFO]	Initialized -- gude-lib version: v0.12.1 app: gude
10:38:41:000 [ALWAYS]	GUDE Logging Started
10:38:41:000 [INFO]	SqliteResumeCache::SqliteResumeCache basedirectory is null/empty
10:38:41:000 [ERROR]	SqliteResumeCache::CreateSqliteResumeCache creating resume cache pointer failure
10:38:41:000 [ERROR]	Initialize resume cache pointer failure
10:38:41:000 [INFO]	gude policy POLICY_USER limit (2,2,1) chunk 2097152, chunking (UL 0 DL 1), resXfer 1, adapt 0, NSURL 0, timeout 86400 
10:38:41:000 [INFO]	Initialized -- gude-lib version: v0.12.1 app: gude
10:38:41:951 [WARN]	Ignoring attempt to reinit logging to \gude at level 4 retaining 3 days of logs
10:38:41:951 [INFO]	SqliteResumeCache::SqliteResumeCache basedirectory is null/empty
10:38:41:951 [ERROR]	SqliteResumeCache::CreateSqliteResumeCache creating resume cache pointer failure
10:38:41:951 [ERROR]	Initialize resume cache pointer failure
10:38:41:951 [INFO]	gude policy POLICY_USER limit (4,4,1) chunk 2097152, chunking (UL 0 DL 1), resXfer 1, adapt 0, NSURL 1, timeout 86400 
10:38:41:951 [INFO]	Initialized -- gude-lib version: v0.12.1 app: gude
